This is pdfTeX, Version 3.14159265-2.6-1.40.16 (TeX Live 2015) (preloaded format=pdflatex 2015.5.24)  22 APR 2017 22:02
entering extended mode
 restricted \write18 enabled.
 file:line:error style messages enabled.
 %&-line parsing enabled.
**cfa_diffusion.tex
(./cfa_diffusion.tex
LaTeX2e <2015/01/01>
Babel <3.9l> and hyphenation patterns for 79 languages loaded.
(./AGUTeX.cls


 AGUTeX Journal Style, American Geophysical Union 
 This version is dated Feb 9, 2008



LaTeX Warning: You have requested document class `AGUTeX',
               but the document class provides `agutex'.

Document Class: agutex 02/09/2008
\c@chapter=\count79
\c@section=\count80
\c@subsection=\count81
\c@subsubsection=\count82
\c@figure=\count83
\c@table=\count84
\mathindent=\dimen102
\abovefigcaptionskip=\skip41
\abovetabcaptionskip=\skip42
\abovetableskip=\skip43
\belowtabcaptionskip=\dimen103
\landscapebox=\box26
\c@plate=\count85
\savecurrtable=\box27
\abovetabularskip=\skip44
\belowtabularskip=\skip45
\timing=\count86
\hourcount=\count87
\oldtime=\count88
\totpages=\count89
\belowtitleskip=\dimen104
\abovesubtitleskip=\dimen105
\belowsubtitleskip=\dimen106
\aboveauthorskip=\dimen107
\belowauthorskip=\dimen108
\thanksnum=\count90
\dothanks=\count91
\thankscounter=\count92
\titlethanksnum=\count93
\dotitlethanks=\count94
\titlethankscounter=\count95
\thanksnum=\count96
\dothanks=\count97
\thankscounter=\count98
\authorwidth=\dimen109
\authorbaselineskip=\dimen110
\aboveaffilskip=\dimen111
\belowaffilskip=\dimen112
\affilwidth=\dimen113
\aboveabstractskip=\dimen114
\belowabstractskip=\dimen115
\belowabstractnameskip=\dimen116
\abstractmargin=\dimen117
\abovereceivedskip=\skip46
\aboverevisedskip=\skip47
\aboveacceptedskip=\skip48
\abovepublishededskip=\skip49
\barticle=\box28
\thanksbox=\box29
\titlethanksbox=\box30
\c@appendnum=\count99
\footnum=\count100
\savefootnum=\count101
\ackskip=\skip50
\saveparskip=\dimen118
\captionskip=\dimen119
\PushOneColTopFig=\dimen120
\PushOneColBotFig=\dimen121
\PushOneColTopTab=\dimen122
\PushOneColBotTab=\dimen123
\PushTwoColTopFig=\dimen124
\PushTwoColBotFig=\dimen125
\PushTwoColTopTab=\dimen126
\PushTwoColBotTab=\dimen127
\intextfloatskip=\skip51
\c@appfigure=\count102
\c@apptable=\count103
\c@appplate=\count104
\checkforspace=\dimen128
\savetopinsert=\box31
\savebotinsert=\box32
\secondsavetopinsert=\box33
\secondsavebotinsert=\box34
\firstcolbox=\box35
\secondcolbox=\box36
\thefirstbox=\box37
\thesecondbox=\box38
\firstcol=\dimen129
\secondcol=\dimen130
\checkheight=\dimen131
\loopnum=\count105
\firstcolsavefignum=\count106
\footnotebox=\box39
\ColUsed=\dimen132
\FigSpace=\dimen133
\testdblbotins=\box40
\pageloopnum=\count107
\endcolsavetopinsert=\box41
\endcolsavebotinsert=\box42
\testpagesize=\box43
\savelastskip=\dimen134
\partialpage=\box44
\figandtabnumber=\count108
\figandtabbox=\box45
\pagefloatnumber=\count109
\sizeoffloat=\box46
\bogus=\count110
\figinsert=\insert233
\herebox=\box47
\endfigbox=\box48
\spanbox=\box49
\dbltopins=\box50
\dblbotins=\box51
\dblbotskip=\skip52
\dblfigandtabnumber=\count111
\dblfigandtabbox=\box52
\dblloopnum=\count112
\savedblfigandtabnumber=\count113
\dblspanherebox=\box53
\bigpagenum=\count114
\littlepagenum=\count115
\wholepagenum=\count116
\@cprtype=\count117
\@slugcmmntwidth=\dimen135
\affilnum=\count118
\totalaffils=\count119
\figcount=\count120
\saveequation=\count121
\c@currlett=\count122
\notationwidth=\dimen136
\betweennotationskip=\skip53
\WidestEntry=\dimen137
\premulticols=\dimen138
\page@free=\dimen139
\partial@page=\box54
\multicoltolerance=\count123
\doublecol@number=\count124
\multicolbaselineskip=\skip54
\c@collectmore=\count125
\loopcount=\count126
\fixdimen=\dimen140
\c@unbalance=\count127
\savedimen=\dimen141
\savehsize=\dimen142
\mycolumnwidth=\dimen143
\saveparindent=\dimen144
\saveparskip=\dimen145
\abstractwidth=\dimen146
\currlastnumber=\count128
\altaffilbox=\box55
\sectskip=\skip55
\belowsectionskip=\skip56
\subsectskip=\skip57
\belowsubsectskip=\skip58
\subsubsectskip=\skip59
\belowsubsubsectskip=\skip60
\c@subsubsubsection=\count129
\captionwidth=\dimen147
\widecaptionwidth=\dimen148
\landscapecaptionwidth=\dimen149
\@temptokenb=\toks14
\beforeendskip=\skip61


 JGRGA style option, October 1, 2001,
 \documentclass[jgrga]{AGUTeX}
 ``Journal of Geophysical Research'', 
 Published by American Geophysical Union


\titlesize=\dimen150
LaTeX Info: Redefining \cite on input line 7471.
\c@NAT@ctr=\count130
) (/usr/local/texlive/2015/texmf-dist/tex/latex/tools/array.sty
Package: array 2014/10/28 v2.4c Tabular extension package (FMi)
\col@sep=\dimen151
\extrarowheight=\dimen152
\NC@list=\toks15
\extratabsurround=\skip62
\backup@length=\skip63
) (/usr/local/texlive/2015/texmf-dist/tex/latex/amsfonts/amssymb.sty
Package: amssymb 2013/01/14 v3.01 AMS font symbols
 (/usr/local/texlive/2015/texmf-dist/tex/latex/amsfonts/amsfonts.sty
Package: amsfonts 2013/01/14 v3.01 Basic AMSFonts support
\@emptytoks=\toks16
\symAMSa=\mathgroup4
\symAMSb=\mathgroup5
LaTeX Font Info:    Overwriting math alphabet `\mathfrak' in version `bold'
(Font)                  U/euf/m/n --> U/euf/b/n on input line 106.
)) (/usr/local/texlive/2015/texmf-dist/tex/latex/wasysym/wasysym.sty
Package: wasysym 2003/10/30 v2.0 Wasy-2 symbol support package
\symwasy=\mathgroup6
LaTeX Font Info:    Overwriting symbol font `wasy' in version `bold'
(Font)                  U/wasy/m/n --> U/wasy/b/n on input line 90.
) (/usr/local/texlive/2015/texmf-dist/tex/latex/graphics/graphicx.sty
Package: graphicx 2014/10/28 v1.0g Enhanced LaTeX Graphics (DPC,SPQR)
 (/usr/local/texlive/2015/texmf-dist/tex/latex/graphics/keyval.sty
Package: keyval 2014/10/28 v1.15 key=value parser (DPC)
\KV@toks@=\toks17
) (/usr/local/texlive/2015/texmf-dist/tex/latex/graphics/graphics.sty
Package: graphics 2014/10/28 v1.0p Standard LaTeX Graphics (DPC,SPQR)
 (/usr/local/texlive/2015/texmf-dist/tex/latex/graphics/trig.sty
Package: trig 1999/03/16 v1.09 sin cos tan (DPC)
) (/usr/local/texlive/2015/texmf-dist/tex/latex/latexconfig/graphics.cfg
File: graphics.cfg 2010/04/23 v1.9 graphics configuration of TeX Live
)
Package graphics Info: Driver file: pdftex.def on input line 94.
 (/usr/local/texlive/2015/texmf-dist/tex/latex/pdftex-def/pdftex.def
File: pdftex.def 2011/05/27 v0.06d Graphics/color for pdfTeX
 (/usr/local/texlive/2015/texmf-dist/tex/generic/oberdiek/infwarerr.sty
Package: infwarerr 2010/04/08 v1.3 Providing info/warning/error messages (HO)
) (/usr/local/texlive/2015/texmf-dist/tex/generic/oberdiek/ltxcmds.sty
Package: ltxcmds 2011/11/09 v1.22 LaTeX kernel commands for general use (HO)
)
\Gread@gobject=\count131
))
\Gin@req@height=\dimen153
\Gin@req@width=\dimen154
) (./cfa_diffusion.aux)
\openout1 = `cfa_diffusion.aux'.

LaTeX Font Info:    Checking defaults for OML/cmm/m/it on input line 132.
LaTeX Font Info:    ... okay on input line 132.
LaTeX Font Info:    Checking defaults for T1/cmr/m/n on input line 132.
LaTeX Font Info:    ... okay on input line 132.
LaTeX Font Info:    Checking defaults for OT1/cmr/m/n on input line 132.
LaTeX Font Info:    ... okay on input line 132.
LaTeX Font Info:    Checking defaults for OMS/cmsy/m/n on input line 132.
LaTeX Font Info:    ... okay on input line 132.
LaTeX Font Info:    Checking defaults for OMX/cmex/m/n on input line 132.
LaTeX Font Info:    ... okay on input line 132.
LaTeX Font Info:    Checking defaults for U/cmr/m/n on input line 132.
LaTeX Font Info:    ... okay on input line 132.
 (/usr/local/texlive/2015/texmf-dist/tex/context/base/supp-pdf.mkii
[Loading MPS to PDF converter (version 2006.09.02).]
\scratchcounter=\count132
\scratchdimen=\dimen155
\scratchbox=\box56
\nofMPsegments=\count133
\nofMParguments=\count134
\everyMPshowfont=\toks18
\MPscratchCnt=\count135
\MPscratchDim=\dimen156
\MPnumerator=\count136
\makeMPintoPDFobject=\count137
\everyMPtoPDFconversion=\toks19
) (/usr/local/texlive/2015/texmf-dist/tex/generic/oberdiek/pdftexcmds.sty
Package: pdftexcmds 2011/11/29 v0.20 Utility functions of pdfTeX for LuaTeX (HO)
 (/usr/local/texlive/2015/texmf-dist/tex/generic/oberdiek/ifluatex.sty
Package: ifluatex 2010/03/01 v1.3 Provides the ifluatex switch (HO)
Package ifluatex Info: LuaTeX not detected.
) (/usr/local/texlive/2015/texmf-dist/tex/generic/oberdiek/ifpdf.sty
Package: ifpdf 2011/01/30 v2.3 Provides the ifpdf switch (HO)
Package ifpdf Info: pdfTeX in PDF mode is detected.
)
Package pdftexcmds Info: LuaTeX not detected.
Package pdftexcmds Info: \pdf@primitive is available.
Package pdftexcmds Info: \pdf@ifprimitive is available.
Package pdftexcmds Info: \pdfdraftmode found.
) (/usr/local/texlive/2015/texmf-dist/tex/latex/oberdiek/epstopdf-base.sty
Package: epstopdf-base 2010/02/09 v2.5 Base part for package epstopdf
 (/usr/local/texlive/2015/texmf-dist/tex/latex/oberdiek/grfext.sty
Package: grfext 2010/08/19 v1.1 Manage graphics extensions (HO)
 (/usr/local/texlive/2015/texmf-dist/tex/generic/oberdiek/kvdefinekeys.sty
Package: kvdefinekeys 2011/04/07 v1.3 Define keys (HO)
)) (/usr/local/texlive/2015/texmf-dist/tex/latex/oberdiek/kvoptions.sty
Package: kvoptions 2011/06/30 v3.11 Key value format for package options (HO)
 (/usr/local/texlive/2015/texmf-dist/tex/generic/oberdiek/kvsetkeys.sty
Package: kvsetkeys 2012/04/25 v1.16 Key value parser (HO)
 (/usr/local/texlive/2015/texmf-dist/tex/generic/oberdiek/etexcmds.sty
Package: etexcmds 2011/02/16 v1.5 Avoid name clashes with e-TeX commands (HO)
Package etexcmds Info: Could not find \expanded.
(etexcmds)             That can mean that you are not using pdfTeX 1.50 or
(etexcmds)             that some package has redefined \expanded.
(etexcmds)             In the latter case, load this package earlier.
)))
Package grfext Info: Graphics extension search list:
(grfext)             [.png,.pdf,.jpg,.mps,.jpeg,.jbig2,.jb2,.PNG,.PDF,.JPG,.JPEG,.JBIG2,.JB2,.eps]
(grfext)             \AppendGraphicsExtensions on input line 452.
 (/usr/local/texlive/2015/texmf-dist/tex/latex/latexconfig/epstopdf-sys.cfg
File: epstopdf-sys.cfg 2010/07/13 v1.3 Configuration of (r)epstopdf for TeX Live
))
LaTeX Font Info:    Try loading font information for U+msa on input line 175.
 (/usr/local/texlive/2015/texmf-dist/tex/latex/amsfonts/umsa.fd
File: umsa.fd 2013/01/14 v3.01 AMS symbols A
)
LaTeX Font Info:    Try loading font information for U+msb on input line 175.
 (/usr/local/texlive/2015/texmf-dist/tex/latex/amsfonts/umsb.fd
File: umsb.fd 2013/01/14 v3.01 AMS symbols B
)
LaTeX Font Info:    Try loading font information for U+wasy on input line 175.
 (/usr/local/texlive/2015/texmf-dist/tex/latex/wasysym/uwasy.fd
File: uwasy.fd 2003/10/30 v2.0 Wasy-2 symbol font definitions
) [1{/usr/local/texlive/2015/texmf-var/fonts/map/pdftex/updmap/pdftex.map}

]
Underfull \hbox (badness 10000) in paragraph at lines 175--175
[]\OT1/cmr/m/n/12 We ex-am-ine high-resolution wa-ter iso-tope data sets from con-ti-nous flow
 []


Underfull \hbox (badness 10000) in paragraph at lines 175--175
\OT1/cmr/m/n/12 the iso-topic pro-file in the firn layer of an ice sheet. This dif-fu-sion of wa-ter
 []


Overfull \hbox (15.80188pt too wide) in paragraph at lines 175--175
\OT1/cmr/m/n/12 iso-tope ra-tios in ice cores can pro-vide in-for-ma-tion about past firn con-di-tions.
 []


Underfull \hbox (badness 10000) in paragraph at lines 175--175
\OT1/cmr/m/n/12 The data spec-tra of win-dowed sec-tions of CFA data from WDC and SPC
 []


Underfull \hbox (badness 10000) in paragraph at lines 175--175
\OT1/cmr/m/n/12 show dif-fer-ent char-ac-ter-is-tics as com-pared with sim-i-lar discretely-sampled
 []


Overfull \hbox (12.40747pt too wide) in paragraph at lines 175--175
\OT1/cmr/m/n/12 data sets, af-fect-ing the es-ti-ma-tion of high-frequency damp-ing due to the firn
 []


Overfull \hbox (18.84082pt too wide) in paragraph at lines 175--175
\OT1/cmr/m/n/12 can still parametrize a method to es-ti-mate the ex-tent of dif-fu-sion in the spec-
 []

[2] [3] [4] [5] [6]
LaTeX Font Info:    Try loading font information for U+euf on input line 262.
 (/usr/local/texlive/2015/texmf-dist/tex/latex/amsfonts/ueuf.fd
File: ueuf.fd 2013/01/14 v3.01 Euler Fraktur
) [7]

LaTeX Warning: Reference `TylerWAISPole' on page 8 undefined on input line 272.

[8] [9]
Package epstopdf Info: Source file: <WAIS_spectrum_added_noise.eps>
(epstopdf)                    date: 2017-04-22 22:01:48
(epstopdf)                    size: 591158 bytes
(epstopdf)             Output file: <WAIS_spectrum_added_noise-eps-converted-to.pdf>
(epstopdf)                    date: 2017-04-22 22:01:48
(epstopdf)                    size: 202149 bytes
(epstopdf)             Command: <repstopdf --outfile=WAIS_spectrum_added_noise-eps-converted-to.pdf WAIS_spectrum_added_noise.eps>
(epstopdf)             \includegraphics on input line 292.
Package epstopdf Info: Output file is already uptodate.
 <WAIS_spectrum_added_noise-eps-converted-to.pdf, id=45, 1156.32pt x 564.1075pt>
File: WAIS_spectrum_added_noise-eps-converted-to.pdf Graphic file (type pdf)
 <use WAIS_spectrum_added_noise-eps-converted-to.pdf>
Package pdftex.def Info: WAIS_spectrum_added_noise-eps-converted-to.pdf used on input line 292.
(pdftex.def)             Requested size: 410.27571pt x 200.15196pt.
 [10]

LaTeX Warning: Reference `cum_gauss' on page 11 undefined on input line 340.

[11]

LaTeX Warning: Reference `best_fit' on page 12 undefined on input line 342.

[12] [13]

LaTeX Warning: Reference `correlationtable' on page 14 undefined on input line 385.


LaTeX Warning: Reference `correlationtable' on page 14 undefined on input line 393.

[14] [15] [16]
Underfull \hbox (badness 10000) in paragraph at lines 449--450

 []

[17] [18] [19] [20] [21] [22] [23] [24] [25] [26] [27] [28] [29] [30] [31] [32 <./WAIS_spectrum_added_noise-eps-converted-to.pdf>]
Package epstopdf Info: Source file: <WAIS_diffusion_adding_noise.eps>
(epstopdf)                    date: 2017-04-22 22:01:48
(epstopdf)                    size: 661843 bytes
(epstopdf)             Output file: <WAIS_diffusion_adding_noise-eps-converted-to.pdf>
(epstopdf)                    date: 2017-04-22 22:01:48
(epstopdf)                    size: 135156 bytes
(epstopdf)             Command: <repstopdf --outfile=WAIS_diffusion_adding_noise-eps-converted-to.pdf WAIS_diffusion_adding_noise.eps>
(epstopdf)             \includegraphics on input line 1085.
Package epstopdf Info: Output file is already uptodate.
 <WAIS_diffusion_adding_noise-eps-converted-to.pdf, id=124, 1156.32pt x 564.1075pt>
File: WAIS_diffusion_adding_noise-eps-converted-to.pdf Graphic file (type pdf)
 <use WAIS_diffusion_adding_noise-eps-converted-to.pdf>
Package pdftex.def Info: WAIS_diffusion_adding_noise-eps-converted-to.pdf used on input line 1085.
(pdftex.def)             Requested size: 442.797pt x 216.01572pt.
Package epstopdf Info: Source file: <added_noise_sensitivity.eps>
(epstopdf)                    date: 2017-04-22 22:01:48
(epstopdf)                    size: 2889616 bytes
(epstopdf)             Output file: <added_noise_sensitivity-eps-converted-to.pdf>
(epstopdf)                    date: 2017-04-22 22:01:48
(epstopdf)                    size: 29139 bytes
(epstopdf)             Command: <repstopdf --outfile=added_noise_sensitivity-eps-converted-to.pdf added_noise_sensitivity.eps>
(epstopdf)             \includegraphics on input line 1092.
Package epstopdf Info: Output file is already uptodate.
 <added_noise_sensitivity-eps-converted-to.pdf, id=125, 1156.32pt x 564.1075pt>
File: added_noise_sensitivity-eps-converted-to.pdf Graphic file (type pdf)
 <use added_noise_sensitivity-eps-converted-to.pdf>
Package pdftex.def Info: added_noise_sensitivity-eps-converted-to.pdf used on input line 1092.
(pdftex.def)             Requested size: 442.797pt x 216.01572pt.
Package epstopdf Info: Source file: <WAIS_diffusion_lengths.eps>
(epstopdf)                    date: 2017-04-22 22:01:48
(epstopdf)                    size: 831357 bytes
(epstopdf)             Output file: <WAIS_diffusion_lengths-eps-converted-to.pdf>
(epstopdf)                    date: 2017-04-22 22:01:48
(epstopdf)                    size: 129393 bytes
(epstopdf)             Command: <repstopdf --outfile=WAIS_diffusion_lengths-eps-converted-to.pdf WAIS_diffusion_lengths.eps>
(epstopdf)             \includegraphics on input line 1097.
Package epstopdf Info: Output file is already uptodate.
 <WAIS_diffusion_lengths-eps-converted-to.pdf, id=126, 1156.32pt x 564.1075pt>
File: WAIS_diffusion_lengths-eps-converted-to.pdf Graphic file (type pdf)
 <use WAIS_diffusion_lengths-eps-converted-to.pdf>
Package pdftex.def Info: WAIS_diffusion_lengths-eps-converted-to.pdf used on input line 1097.
(pdftex.def)             Requested size: 442.797pt x 216.01572pt.
Package epstopdf Info: Source file: <WAIS_diffusion_lengths_thinning_corr.eps>
(epstopdf)                    date: 2017-04-22 22:01:48
(epstopdf)                    size: 1328140 bytes
(epstopdf)             Output file: <WAIS_diffusion_lengths_thinning_corr-eps-converted-to.pdf>
(epstopdf)                    date: 2017-04-22 22:01:48
(epstopdf)                    size: 171718 bytes
(epstopdf)             Command: <repstopdf --outfile=WAIS_diffusion_lengths_thinning_corr-eps-converted-to.pdf WAIS_diffusion_lengths_thinning_corr.eps>
(epstopdf)             \includegraphics on input line 1102.
Package epstopdf Info: Output file is already uptodate.
 <WAIS_diffusion_lengths_thinning_corr-eps-converted-to.pdf, id=127, 1156.32pt x 564.1075pt>
File: WAIS_diffusion_lengths_thinning_corr-eps-converted-to.pdf Graphic file (type pdf)
 <use WAIS_diffusion_lengths_thinning_corr-eps-converted-to.pdf>
Package pdftex.def Info: WAIS_diffusion_lengths_thinning_corr-eps-converted-to.pdf used on input line 1102.
(pdftex.def)             Requested size: 442.797pt x 216.01572pt.
Package epstopdf Info: Source file: <spectra_disVScfa.eps>
(epstopdf)                    date: 2017-04-22 22:01:49
(epstopdf)                    size: 26155 bytes
(epstopdf)             Output file: <spectra_disVScfa-eps-converted-to.pdf>
(epstopdf)                    date: 2017-04-22 22:02:55
(epstopdf)                    size: 10583 bytes
(epstopdf)             Command: <repstopdf --outfile=spectra_disVScfa-eps-converted-to.pdf spectra_disVScfa.eps>
(epstopdf)             \includegraphics on input line 1109.
Package epstopdf Info: Output file is already uptodate.
 <spectra_disVScfa-eps-converted-to.pdf, id=128, 993.7125pt x 354.32375pt>
File: spectra_disVScfa-eps-converted-to.pdf Graphic file (type pdf)
 <use spectra_disVScfa-eps-converted-to.pdf>
Package pdftex.def Info: spectra_disVScfa-eps-converted-to.pdf used on input line 1109.
(pdftex.def)             Requested size: 442.797pt x 157.88712pt.
Package epstopdf Info: Source file: <1_gauss.eps>
(epstopdf)                    date: 2017-04-22 22:01:48
(epstopdf)                    size: 48599 bytes
(epstopdf)             Output file: <1_gauss-eps-converted-to.pdf>
(epstopdf)                    date: 2017-04-22 22:01:48
(epstopdf)                    size: 9424 bytes
(epstopdf)             Command: <repstopdf --outfile=1_gauss-eps-converted-to.pdf 1_gauss.eps>
(epstopdf)             \includegraphics on input line 1119.
Package epstopdf Info: Output file is already uptodate.
 <1_gauss-eps-converted-to.pdf, id=129, 1026.83624pt x 354.32375pt>
File: 1_gauss-eps-converted-to.pdf Graphic file (type pdf)
 <use 1_gauss-eps-converted-to.pdf>
Package pdftex.def Info: 1_gauss-eps-converted-to.pdf used on input line 1119.
(pdftex.def)             Requested size: 442.797pt x 152.79416pt.
Package epstopdf Info: Source file: <GRR_fit.eps>
(epstopdf)                    date: 2017-04-22 22:01:48
(epstopdf)                    size: 52694 bytes
(epstopdf)             Output file: <GRR_fit-eps-converted-to.pdf>
(epstopdf)                    date: 2017-04-22 22:01:48
(epstopdf)                    size: 10135 bytes
(epstopdf)             Command: <repstopdf --outfile=GRR_fit-eps-converted-to.pdf GRR_fit.eps>
(epstopdf)             \includegraphics on input line 1124.
Package epstopdf Info: Output file is already uptodate.
 <GRR_fit-eps-converted-to.pdf, id=130, 1026.83624pt x 354.32375pt>
File: GRR_fit-eps-converted-to.pdf Graphic file (type pdf)

<use GRR_fit-eps-converted-to.pdf>
Package pdftex.def Info: GRR_fit-eps-converted-to.pdf used on input line 1124.
(pdftex.def)             Requested size: 442.797pt x 152.79416pt.
Package epstopdf Info: Source file: <2_gauss.eps>
(epstopdf)                    date: 2017-04-22 22:01:48
(epstopdf)                    size: 50755 bytes
(epstopdf)             Output file: <2_gauss-eps-converted-to.pdf>
(epstopdf)                    date: 2017-04-22 22:01:48
(epstopdf)                    size: 10224 bytes
(epstopdf)             Command: <repstopdf --outfile=2_gauss-eps-converted-to.pdf 2_gauss.eps>
(epstopdf)             \includegraphics on input line 1129.
Package epstopdf Info: Output file is already uptodate.
 <2_gauss-eps-converted-to.pdf, id=131, 1026.83624pt x 354.32375pt>
File: 2_gauss-eps-converted-to.pdf Graphic file (type pdf)
 <use 2_gauss-eps-converted-to.pdf>
Package pdftex.def Info: 2_gauss-eps-converted-to.pdf used on input line 1129.
(pdftex.def)             Requested size: 442.797pt x 152.79416pt.
Package epstopdf Info: Source file: <sigma_comp.eps>
(epstopdf)                    date: 2017-04-22 22:01:48
(epstopdf)                    size: 38854 bytes
(epstopdf)             Output file: <sigma_comp-eps-converted-to.pdf>
(epstopdf)                    date: 2017-04-22 22:01:48
(epstopdf)                    size: 6043 bytes
(epstopdf)             Command: <repstopdf --outfile=sigma_comp-eps-converted-to.pdf sigma_comp.eps>
(epstopdf)             \includegraphics on input line 1134.
Package epstopdf Info: Output file is already uptodate.
 <sigma_comp-eps-converted-to.pdf, id=132, 490.83376pt x 354.32375pt>
File: sigma_comp-eps-converted-to.pdf Graphic file (type pdf)
 <use sigma_comp-eps-converted-to.pdf>
Package pdftex.def Info: sigma_comp-eps-converted-to.pdf used on input line 1134.
(pdftex.def)             Requested size: 442.797pt x 319.65614pt.
Package epstopdf Info: Source file: <G_of_fit_1.eps>
(epstopdf)                    date: 2017-04-22 22:01:48
(epstopdf)                    size: 139484 bytes
(epstopdf)             Output file: <G_of_fit_1-eps-converted-to.pdf>
(epstopdf)                    date: 2017-04-22 22:01:48
(epstopdf)                    size: 41872 bytes
(epstopdf)             Command: <repstopdf --outfile=G_of_fit_1-eps-converted-to.pdf G_of_fit_1.eps>
(epstopdf)             \includegraphics on input line 1139.
Package epstopdf Info: Output file is already uptodate.
 <G_of_fit_1-eps-converted-to.pdf, id=133, 1156.32pt x 564.1075pt>
File: G_of_fit_1-eps-converted-to.pdf Graphic file (type pdf)
 <use G_of_fit_1-eps-converted-to.pdf>
Package pdftex.def Info: G_of_fit_1-eps-converted-to.pdf used on input line 1139.
(pdftex.def)             Requested size: 442.797pt x 216.01572pt.
Package epstopdf Info: Source file: <CFA_spectra.eps>
(epstopdf)                    date: 2017-04-22 22:01:48
(epstopdf)                    size: 539604 bytes
(epstopdf)             Output file: <CFA_spectra-eps-converted-to.pdf>
(epstopdf)                    date: 2017-04-22 22:01:48
(epstopdf)                    size: 174616 bytes
(epstopdf)             Command: <repstopdf --outfile=CFA_spectra-eps-converted-to.pdf CFA_spectra.eps>
(epstopdf)             \includegraphics on input line 1144.
Package epstopdf Info: Output file is already uptodate.
 <CFA_spectra-eps-converted-to.pdf, id=134, 1156.32pt x 564.1075pt>
File: CFA_spectra-eps-converted-to.pdf Graphic file (type pdf)
 <use CFA_spectra-eps-converted-to.pdf>
Package pdftex.def Info: CFA_spectra-eps-converted-to.pdf used on input line 1144.
(pdftex.def)             Requested size: 442.797pt x 216.01572pt.
Package epstopdf Info: Source file: <sigma2.eps>
(epstopdf)                    date: 2017-04-22 22:01:48
(epstopdf)                    size: 28049 bytes
(epstopdf)             Output file: <sigma2-eps-converted-to.pdf>
(epstopdf)                    date: 2017-04-22 22:01:48
(epstopdf)                    size: 4743 bytes
(epstopdf)             Command: <repstopdf --outfile=sigma2-eps-converted-to.pdf sigma2.eps>
(epstopdf)             \includegraphics on input line 1151.
Package epstopdf Info: Output file is already uptodate.
 <sigma2-eps-converted-to.pdf, id=135, 470.75874pt x 354.32375pt>
File: sigma2-eps-converted-to.pdf Graphic file (type pdf)
 <use sigma2-eps-converted-to.pdf>
Package pdftex.def Info: sigma2-eps-converted-to.pdf used on input line 1151.
(pdftex.def)             Requested size: 442.797pt x 333.28062pt.
Package epstopdf Info: Source file: <sigmadependence.eps>
(epstopdf)                    date: 2017-04-22 22:01:48
(epstopdf)                    size: 38951 bytes
(epstopdf)             Output file: <sigmadependence-eps-converted-to.pdf>
(epstopdf)                    date: 2017-04-22 22:01:48
(epstopdf)                    size: 9409 bytes
(epstopdf)             Command: <repstopdf --outfile=sigmadependence-eps-converted-to.pdf sigmadependence.eps>
(epstopdf)             \includegraphics on input line 1156.
Package epstopdf Info: Output file is already uptodate.
 <sigmadependence-eps-converted-to.pdf, id=136, 501.875pt x 354.32375pt>
File: sigmadependence-eps-converted-to.pdf Graphic file (type pdf)
 <use sigmadependence-eps-converted-to.pdf>
Package pdftex.def Info: sigmadependence-eps-converted-to.pdf used on input line 1156.
(pdftex.def)             Requested size: 442.797pt x 312.63306pt.
Package epstopdf Info: Source file: <NEEMspec.eps>
(epstopdf)                    date: 2017-04-22 22:01:48
(epstopdf)                    size: 27667 bytes
(epstopdf)             Output file: <NEEMspec-eps-converted-to.pdf>
(epstopdf)                    date: 2017-04-22 22:01:48
(epstopdf)                    size: 6159 bytes
(epstopdf)             Command: <repstopdf --outfile=NEEMspec-eps-converted-to.pdf NEEMspec.eps>
(epstopdf)             \includegraphics on input line 1161.
Package epstopdf Info: Output file is already uptodate.
 <NEEMspec-eps-converted-to.pdf, id=137, 574.145pt x 355.3275pt>
File: NEEMspec-eps-converted-to.pdf Graphic file (type pdf)
 <use NEEMspec-eps-converted-to.pdf>
Package pdftex.def Info: NEEMspec-eps-converted-to.pdf used on input line 1161.
(pdftex.def)             Requested size: 442.797pt x 274.04218pt.
 [33 <./WAIS_diffusion_adding_noise-eps-converted-to.pdf> <./added_noise_sensitivity-eps-converted-to.pdf>] [34 <./WAIS_diffusion_lengths-eps-converted-to.pdf> <./WAIS_diffusion_lengths_thinning_corr-eps-converted-to.pdf>] [35 <./spectra_disVScfa-eps-converted-to.pdf> <./1_gauss-eps-converted-to.pdf> <./GRR_fit-eps-converted-to.pdf>] [36 <./2_gauss-eps-converted-to.pdf> <./sigma_comp-eps-converted-to.pdf>] [37 <./G_of_fit_1-eps-converted-to.pdf> <./CFA_spectra-eps-converted-to.pdf>] [38 <./sigma2-eps-converted-to.pdf>] [39 <./sigmadependence-eps-converted-to.pdf>] [40 <./NEEMspec-eps-converted-to.pdf>] (./cfa_diffusion.aux)

LaTeX Warning: There were undefined references.

 ) 
Here is how much of TeX's memory you used:
 2987 strings out of 493089
 40703 string characters out of 6134842
 113244 words of memory out of 5000000
 6428 multiletter control sequences out of 15000+600000
 16575 words of font info for 61 fonts, out of 8000000 for 9000
 1141 hyphenation exceptions out of 8191
 37i,8n,26p,1173b,290s stack positions out of 5000i,500n,10000p,200000b,80000s
</usr/local/texlive/2015/texmf-dist/fonts/type1/public/amsfonts/cm/cmbx12.pfb></usr/local/texlive/2015/texmf-dist/fonts/type1/public/amsfonts/cm/cmex10.pfb></usr/local/texlive/2015/texmf-dist/fonts/type1/public/amsfonts/cm/cmmi12.pfb></usr/local/texlive/2015/texmf-dist/fonts/type1/public/amsfonts/cm/cmmi6.pfb></usr/local/texlive/2015/texmf-dist/fonts/type1/public/amsfonts/cm/cmmi8.pfb></usr/local/texlive/2015/texmf-dist/fonts/type1/public/amsfonts/cm/cmr10.pfb></usr/local/texlive/2015/texmf-dist/fonts/type1/public/amsfonts/cm/cmr12.pfb></usr/local/texlive/2015/texmf-dist/fonts/type1/public/amsfonts/cm/cmr6.pfb></usr/local/texlive/2015/texmf-dist/fonts/type1/public/amsfonts/cm/cmr8.pfb></usr/local/texlive/2015/texmf-dist/fonts/type1/public/amsfonts/cm/cmsy10.pfb></usr/local/texlive/2015/texmf-dist/fonts/type1/public/amsfonts/cm/cmsy6.pfb></usr/local/texlive/2015/texmf-dist/fonts/type1/public/amsfonts/cm/cmsy8.pfb></usr/local/texlive/2015/texmf-dist/fonts/type1/public/amsfonts/cm/cmti1
2.pfb></usr/local/texlive/2015/texmf-dist/fonts/type1/public/amsfonts/cm/cmtt12.pfb></usr/local/texlive/2015/texmf-dist/fonts/type1/public/amsfonts/euler/eufm10.pfb></usr/local/texlive/2015/texmf-dist/fonts/type1/public/wasy2-ps/wasy10.pfb>
Output written on cfa_diffusion.pdf (40 pages, 1154173 bytes).
PDF statistics:
 291 PDF objects out of 1000 (max. 8388607)
 197 compressed objects within 2 object streams
 0 named destinations out of 1000 (max. 500000)
 76 words of extra memory for PDF output out of 10000 (max. 10000000)

